{"/Users/fentonhaslam/Projects/Techtests/public/javascripts/account.js": {"path":"/Users/fentonhaslam/Projects/Techtests/public/javascripts/account.js","statementMap":{"0":{"start":{"line":4,"column":8},"end":{"line":4,"column":26}},"1":{"start":{"line":5,"column":8},"end":{"line":5,"column":31}},"2":{"start":{"line":9,"column":8},"end":{"line":9,"column":28}},"3":{"start":{"line":13,"column":8},"end":{"line":13,"column":31}},"4":{"start":{"line":14,"column":8},"end":{"line":14,"column":27}},"5":{"start":{"line":18,"column":8},"end":{"line":23,"column":10}},"6":{"start":{"line":27,"column":8},"end":{"line":32,"column":9}},"7":{"start":{"line":28,"column":12},"end":{"line":28,"column":50}},"8":{"start":{"line":30,"column":12},"end":{"line":30,"column":30}},"9":{"start":{"line":31,"column":12},"end":{"line":31,"column":42}},"10":{"start":{"line":36,"column":8},"end":{"line":41,"column":10}},"11":{"start":{"line":44,"column":19},"end":{"line":44,"column":55}},"12":{"start":{"line":45,"column":27},"end":{"line":45,"column":55}},"13":{"start":{"line":46,"column":8},"end":{"line":46,"column":44}},"14":{"start":{"line":51,"column":0},"end":{"line":51,"column":25}}},"fnMap":{"0":{"name":"(anonymous_0)","decl":{"start":{"line":3,"column":4},"end":{"line":3,"column":5}},"loc":{"start":{"line":3,"column":18},"end":{"line":6,"column":5}},"line":3},"1":{"name":"(anonymous_1)","decl":{"start":{"line":8,"column":4},"end":{"line":8,"column":5}},"loc":{"start":{"line":8,"column":18},"end":{"line":10,"column":5}},"line":8},"2":{"name":"(anonymous_2)","decl":{"start":{"line":12,"column":4},"end":{"line":12,"column":5}},"loc":{"start":{"line":12,"column":20},"end":{"line":15,"column":5}},"line":12},"3":{"name":"(anonymous_3)","decl":{"start":{"line":17,"column":4},"end":{"line":17,"column":5}},"loc":{"start":{"line":17,"column":19},"end":{"line":24,"column":5}},"line":17},"4":{"name":"(anonymous_4)","decl":{"start":{"line":26,"column":4},"end":{"line":26,"column":5}},"loc":{"start":{"line":26,"column":21},"end":{"line":33,"column":5}},"line":26},"5":{"name":"(anonymous_5)","decl":{"start":{"line":35,"column":4},"end":{"line":35,"column":5}},"loc":{"start":{"line":35,"column":18},"end":{"line":42,"column":5}},"line":35},"6":{"name":"(anonymous_6)","decl":{"start":{"line":43,"column":4},"end":{"line":43,"column":5}},"loc":{"start":{"line":43,"column":20},"end":{"line":47,"column":5}},"line":43}},"branchMap":{"0":{"loc":{"start":{"line":27,"column":8},"end":{"line":32,"column":9}},"type":"if","locations":[{"start":{"line":27,"column":8},"end":{"line":32,"column":9}},{"start":{"line":27,"column":8},"end":{"line":32,"column":9}}],"line":27}},"s":{"0":6,"1":6,"2":3,"3":5,"4":5,"5":5,"6":3,"7":1,"8":2,"9":2,"10":2,"11":0,"12":0,"13":0,"14":1},"f":{"0":6,"1":3,"2":5,"3":5,"4":3,"5":2,"6":0},"b":{"0":[1,2]},"_coverageSchema":"43e27e138ebf9cfc5966b082cf9a028302ed4184","hash":"b92de1a2d03adb67edfe6e3e654101c8aa9a46bd"}
}
