TN:
SF:/Users/fentonhaslam/Projects/Techtests/public/javascripts/account.js
FN:3,(anonymous_0)
FN:8,(anonymous_1)
FN:12,(anonymous_2)
FN:17,(anonymous_3)
FN:26,(anonymous_4)
FN:35,(anonymous_5)
FN:43,(anonymous_6)
FNF:7
FNH:6
FNDA:6,(anonymous_0)
FNDA:3,(anonymous_1)
FNDA:5,(anonymous_2)
FNDA:5,(anonymous_3)
FNDA:3,(anonymous_4)
FNDA:2,(anonymous_5)
FNDA:0,(anonymous_6)
DA:4,6
DA:5,6
DA:9,3
DA:13,5
DA:14,5
DA:18,5
DA:27,3
DA:28,1
DA:30,2
DA:31,2
DA:36,2
DA:44,0
DA:45,0
DA:46,0
DA:51,1
LF:15
LH:12
BRDA:27,0,0,1
BRDA:27,0,1,2
BRF:2
BRH:2
end_of_record
