TN:
SF:/Users/fentonhaslam/Projects/Techtests/public/javascripts/account.js
FN:6,(anonymous_0)
FN:13,(anonymous_1)
FN:17,(anonymous_2)
FN:22,(anonymous_3)
FN:29,(anonymous_4)
FN:38,(anonymous_5)
FN:44,(anonymous_6)
FNF:7
FNH:7
FNDA:5,(anonymous_0)
FNDA:3,(anonymous_1)
FNDA:3,(anonymous_2)
FNDA:3,(anonymous_3)
FNDA:2,(anonymous_4)
FNDA:1,(anonymous_5)
FNDA:1,(anonymous_6)
DA:1,1
DA:2,1
DA:7,5
DA:8,5
DA:9,5
DA:10,5
DA:14,3
DA:18,3
DA:19,3
DA:23,3
DA:24,3
DA:25,3
DA:26,3
DA:30,2
DA:31,1
DA:33,1
DA:34,1
DA:39,1
DA:40,1
DA:41,1
DA:42,1
DA:45,1
DA:50,1
LF:23
LH:23
BRDA:6,0,0,0
BRDA:6,1,0,5
BRDA:30,2,0,1
BRDA:30,2,1,1
BRF:4
BRH:3
end_of_record
TN:
SF:/Users/fentonhaslam/Projects/Techtests/public/javascripts/day.js
FN:2,(anonymous_0)
FN:9,(anonymous_1)
FN:12,(anonymous_2)
FNF:3
FNH:3
FNDA:5,(anonymous_0)
FNDA:5,(anonymous_1)
FNDA:5,(anonymous_2)
DA:3,5
DA:4,5
DA:5,5
DA:6,5
DA:7,5
DA:10,5
DA:13,5
DA:17,2
LF:8
LH:8
BRF:0
BRH:0
end_of_record
TN:
SF:/Users/fentonhaslam/Projects/Techtests/public/javascripts/statement.js
FN:2,(anonymous_0)
FN:6,(anonymous_1)
FN:11,(anonymous_2)
FN:15,(anonymous_3)
FNF:4
FNH:4
FNDA:1,(anonymous_0)
FNDA:1,(anonymous_1)
FNDA:1,(anonymous_2)
FNDA:3,(anonymous_3)
DA:3,1
DA:4,1
DA:6,1
DA:7,1
DA:8,1
DA:12,1
DA:16,3
DA:17,1
DA:19,2
DA:25,2
LF:10
LH:10
BRDA:16,0,0,1
BRDA:16,0,1,2
BRF:2
BRH:2
end_of_record
TN:
SF:/Users/fentonhaslam/Projects/Techtests/public/javascripts/transaction.js
FN:5,(anonymous_0)
FNF:1
FNH:1
FNDA:4,(anonymous_0)
DA:1,1
DA:6,4
DA:7,4
DA:8,4
DA:9,4
DA:13,1
LF:6
LH:6
BRDA:5,0,0,4
BRF:1
BRH:1
end_of_record
